<?xml version="1.0" encoding="UTF-8"?>
<testsuite xmlns:xsi="http://www.w3.org/2001/XMLSchema-instance" xsi:noNamespaceSchemaLocation="https://maven.apache.org/surefire/maven-surefire-plugin/xsd/surefire-test-report.xsd" name="com.canvas.commands.CommandRTest" time="0.026" tests="4" errors="0" skipped="0" failures="0">
  <properties>
[...]
</properties>
  <testcase name="verify_command_R_executes_if_all_the_validation_passed" classname="com.canvas.commands.CommandRTest" time="0"/>
  <testcase name="verify_command_R_does_not_execute_if_any_of_the_validation_failed" classname="com.canvas.commands.CommandRTest" time="0.001"/>
  <testcase name="verify_validate_command_method_returns_false_if_all_or_any_of_the_validation_is_failed" classname="com.canvas.commands.CommandRTest" time="0.025"/>
  <testcase name="verify_validate_command_method_returns_true_if_all_the_validations_are_passed" classname="com.canvas.commands.CommandRTest" time="0"/>
</testsuite>